[2EC4:6BC8][2024-07-21T11:10:57]i001: Burn v3.14.0.5722, Windows v10.0 (Build 22631: Service Pack 0), path: C:\Users\SDR_B\AppData\Local\Temp\{193DCB1B-7A6C-443C-A54D-340830115898}\.cr\python-3.12.4-amd64 (2).exe
[2EC4:6BC8][2024-07-21T11:10:57]i000: Initializing string variable 'ActionLikeInstalling' to value 'Installing'
[2EC4:6BC8][2024-07-21T11:10:57]i000: Initializing string variable 'ActionLikeInstallation' to value 'Setup'
[2EC4:6BC8][2024-07-21T11:10:57]i000: Initializing string variable 'ShortVersion' to value '3.12'
[2EC4:6BC8][2024-07-21T11:10:57]i000: Initializing numeric variable 'ShortVersionNoDot' to value '312'
[2EC4:6BC8][2024-07-21T11:10:57]i000: Initializing string variable 'WinVer' to value '3.12'
[2EC4:6BC8][2024-07-21T11:10:57]i000: Initializing numeric variable 'WinVerNoDot' to value '312'
[2EC4:6BC8][2024-07-21T11:10:57]i000: Initializing numeric variable 'InstallAllUsers' to value '0'
[2EC4:6BC8][2024-07-21T11:10:57]i000: Initializing numeric variable 'InstallLauncherAllUsers' to value '-1'
[2EC4:6BC8][2024-07-21T11:10:57]i000: Initializing string variable 'TargetDir' to value ''
[2EC4:6BC8][2024-07-21T11:10:57]i000: Initializing string variable 'DefaultAllUsersTargetDir' to value '[ProgramFiles64Folder]Python[WinVerNoDot]'
[2EC4:6BC8][2024-07-21T11:10:57]i000: Initializing string variable 'TargetPlatform' to value 'x64'
[2EC4:6BC8][2024-07-21T11:10:57]i000: Initializing string variable 'DefaultJustForMeTargetDir' to value '[LocalAppDataFolder]Programs\Python\Python[WinVerNoDot]'
[2EC4:6BC8][2024-07-21T11:10:57]i000: Initializing string variable 'OptionalFeaturesRegistryKey' to value 'Software\Python\PythonCore\[WinVer]\InstalledFeatures'
[2EC4:6BC8][2024-07-21T11:10:57]i000: Initializing string variable 'TargetDirRegistryKey' to value 'Software\Python\PythonCore\[WinVer]\InstallPath'
[2EC4:6BC8][2024-07-21T11:10:57]i000: Initializing string variable 'DefaultCustomTargetDir' to value ''
[2EC4:6BC8][2024-07-21T11:10:57]i000: Initializing string variable 'InstallAllUsersState' to value 'enabled'
[2EC4:6BC8][2024-07-21T11:10:57]i000: Initializing string variable 'InstallLauncherAllUsersState' to value 'enabled'
[2EC4:6BC8][2024-07-21T11:10:57]i000: Initializing string variable 'CustomInstallLauncherAllUsersState' to value '[InstallLauncherAllUsersState]'
[2EC4:6BC8][2024-07-21T11:10:57]i000: Initializing string variable 'TargetDirState' to value 'enabled'
[2EC4:6BC8][2024-07-21T11:10:57]i000: Initializing string variable 'CustomBrowseButtonState' to value 'enabled'
[2EC4:6BC8][2024-07-21T11:10:57]i000: Initializing numeric variable 'Include_core' to value '1'
[2EC4:6BC8][2024-07-21T11:10:57]i000: Initializing numeric variable 'Include_exe' to value '1'
[2EC4:6BC8][2024-07-21T11:10:57]i000: Initializing numeric variable 'Include_dev' to value '1'
[2EC4:6BC8][2024-07-21T11:10:57]i000: Initializing numeric variable 'Include_lib' to value '1'
[2EC4:6BC8][2024-07-21T11:10:57]i000: Initializing numeric variable 'Include_test' to value '1'
[2EC4:6BC8][2024-07-21T11:10:57]i000: Initializing numeric variable 'Include_doc' to value '1'
[2EC4:6BC8][2024-07-21T11:10:57]i000: Initializing numeric variable 'Include_tools' to value '0'
[2EC4:6BC8][2024-07-21T11:10:57]i000: Initializing numeric variable 'Include_tcltk' to value '1'
[2EC4:6BC8][2024-07-21T11:10:57]i000: Initializing numeric variable 'Include_pip' to value '1'
[2EC4:6BC8][2024-07-21T11:10:57]i000: Initializing numeric variable 'Include_launcher' to value '-1'
[2EC4:6BC8][2024-07-21T11:10:57]i000: Initializing string variable 'Include_launcherState' to value 'enabled'
[2EC4:6BC8][2024-07-21T11:10:57]i000: Initializing numeric variable 'Include_symbols' to value '0'
[2EC4:6BC8][2024-07-21T11:10:57]i000: Initializing numeric variable 'Include_debug' to value '0'
[2EC4:6BC8][2024-07-21T11:10:57]i000: Initializing numeric variable 'LauncherOnly' to value '0'
[2EC4:6BC8][2024-07-21T11:10:57]i000: Initializing numeric variable 'BlockedLauncher' to value '0'
[2EC4:6BC8][2024-07-21T11:10:57]i000: Initializing numeric variable 'DetectedLauncher' to value '0'
[2EC4:6BC8][2024-07-21T11:10:57]i000: Initializing numeric variable 'DetectedOldLauncher' to value '0'
[2EC4:6BC8][2024-07-21T11:10:57]i000: Initializing numeric variable 'AssociateFiles' to value '-1'
[2EC4:6BC8][2024-07-21T11:10:57]i000: Initializing numeric variable 'Shortcuts' to value '1'
[2EC4:6BC8][2024-07-21T11:10:57]i000: Initializing numeric variable 'PrependPath' to value '0'
[2EC4:6BC8][2024-07-21T11:10:57]i000: Initializing numeric variable 'AppendPath' to value '0'
[2EC4:6BC8][2024-07-21T11:10:57]i000: Initializing numeric variable 'CompileAll' to value '0'
[2EC4:6BC8][2024-07-21T11:10:57]i000: Initializing numeric variable 'SimpleInstall' to value '0'
[2EC4:6BC8][2024-07-21T11:10:57]i000: Initializing string variable 'SimpleInstallDescription' to value ''
[2EC4:6BC8][2024-07-21T11:10:57]i009: Command Line: '"-burn.clean.room=C:\Users\SDR_B\Downloads\python-3.12.4-amd64 (2).exe" -burn.filehandle.attached=608 -burn.filehandle.self=748'
[2EC4:6BC8][2024-07-21T11:10:57]i000: Setting string variable 'WixBundleOriginalSource' to value 'C:\Users\SDR_B\Downloads\python-3.12.4-amd64 (2).exe'
[2EC4:6BC8][2024-07-21T11:10:57]i000: Setting string variable 'WixBundleOriginalSourceFolder' to value 'C:\Users\SDR_B\Downloads\'
[2EC4:6BC8][2024-07-21T11:10:57]i000: Setting string variable 'WixBundleLog' to value 'C:\Users\SDR_B\AppData\Local\Temp\Python 3.12.4 (64-bit)_20240721111057.log'
[2EC4:6BC8][2024-07-21T11:10:57]i000: Setting string variable 'WixBundleName' to value 'Python 3.12.4 (64-bit)'
[2EC4:6BC8][2024-07-21T11:10:57]i000: Setting string variable 'WixBundleManufacturer' to value 'Python Software Foundation'
[2EC4:6BC8][2024-07-21T11:10:57]i000: Setting numeric variable 'CRTInstalled' to value 1
[2EC4:2F30][2024-07-21T11:10:57]i000: Did not find C:\Users\SDR_B\Downloads\unattend.xml
[2EC4:2F30][2024-07-21T11:10:57]i000: Setting string variable 'ActionLikeInstalling' to value 'Installing'
[2EC4:2F30][2024-07-21T11:10:57]i000: Setting string variable 'ActionLikeInstallation' to value 'Setup'
[2EC4:2F30][2024-07-21T11:10:57]i000: Setting version variable 'WixBundleFileVersion' to value '3.12.4150.0'
[2EC4:2F30][2024-07-21T11:10:58]i000: Target OS is Windows 10 or later
[2EC4:6BC8][2024-07-21T11:10:58]i100: Detect begin, 52 packages
[2EC4:6BC8][2024-07-21T11:10:58]i101: Detected package: ucrt_AllUsers, state: Absent, cached: None
[2EC4:6BC8][2024-07-21T11:10:58]i101: Detected package: ucrt_JustForMe, state: Absent, cached: None
[2EC4:6BC8][2024-07-21T11:10:58]i101: Detected package: core_AllUsers, state: Absent, cached: None
[2EC4:6BC8][2024-07-21T11:10:58]i101: Detected package: core_AllUsers_pdb, state: Absent, cached: None
[2EC4:6BC8][2024-07-21T11:10:58]i101: Detected package: core_AllUsers_d, state: Absent, cached: None
[2EC4:6BC8][2024-07-21T11:10:58]i101: Detected package: core_JustForMe, state: Absent, cached: None
[2EC4:6BC8][2024-07-21T11:10:58]i101: Detected package: core_JustForMe_pdb, state: Absent, cached: None
[2EC4:6BC8][2024-07-21T11:10:58]i101: Detected package: core_JustForMe_d, state: Absent, cached: None
[2EC4:6BC8][2024-07-21T11:10:58]i101: Detected package: exe_AllUsers, state: Absent, cached: None
[2EC4:6BC8][2024-07-21T11:10:58]i104: Detected package: exe_AllUsers, feature: DefaultFeature, state: Absent
[2EC4:6BC8][2024-07-21T11:10:58]i104: Detected package: exe_AllUsers, feature: Shortcuts, state: Absent
[2EC4:6BC8][2024-07-21T11:10:58]i101: Detected package: exe_AllUsers_pdb, state: Absent, cached: None
[2EC4:6BC8][2024-07-21T11:10:58]i101: Detected package: exe_AllUsers_d, state: Absent, cached: None
[2EC4:6BC8][2024-07-21T11:10:58]i101: Detected package: exe_JustForMe, state: Absent, cached: None
[2EC4:6BC8][2024-07-21T11:10:58]i104: Detected package: exe_JustForMe, feature: DefaultFeature, state: Absent
[2EC4:6BC8][2024-07-21T11:10:58]i104: Detected package: exe_JustForMe, feature: Shortcuts, state: Absent
[2EC4:6BC8][2024-07-21T11:10:58]i101: Detected package: exe_JustForMe_pdb, state: Absent, cached: None
[2EC4:6BC8][2024-07-21T11:10:58]i101: Detected package: exe_JustForMe_d, state: Absent, cached: None
[2EC4:6BC8][2024-07-21T11:10:58]i101: Detected package: dev_AllUsers, state: Absent, cached: None
[2EC4:6BC8][2024-07-21T11:10:58]i101: Detected package: dev_AllUsers_d, state: Absent, cached: None
[2EC4:6BC8][2024-07-21T11:10:58]i101: Detected package: dev_JustForMe, state: Absent, cached: None
[2EC4:6BC8][2024-07-21T11:10:58]i101: Detected package: dev_JustForMe_d, state: Absent, cached: None
[2EC4:6BC8][2024-07-21T11:10:58]i101: Detected package: lib_AllUsers, state: Absent, cached: Complete
[2EC4:6BC8][2024-07-21T11:10:58]i101: Detected package: lib_AllUsers_pdb, state: Absent, cached: None
[2EC4:6BC8][2024-07-21T11:10:58]i101: Detected package: lib_AllUsers_d, state: Absent, cached: None
[2EC4:6BC8][2024-07-21T11:10:58]i101: Detected package: lib_JustForMe, state: Absent, cached: Complete
[2EC4:6BC8][2024-07-21T11:10:58]i101: Detected package: lib_JustForMe_pdb, state: Absent, cached: None
[2EC4:6BC8][2024-07-21T11:10:58]i101: Detected package: lib_JustForMe_d, state: Absent, cached: None
[2EC4:6BC8][2024-07-21T11:10:58]i101: Detected package: test_AllUsers, state: Absent, cached: Complete
[2EC4:6BC8][2024-07-21T11:10:58]i101: Detected package: test_AllUsers_pdb, state: Absent, cached: None
[2EC4:6BC8][2024-07-21T11:10:58]i101: Detected package: test_AllUsers_d, state: Absent, cached: None
[2EC4:6BC8][2024-07-21T11:10:58]i101: Detected package: test_JustForMe, state: Absent, cached: Complete
[2EC4:6BC8][2024-07-21T11:10:58]i101: Detected package: test_JustForMe_pdb, state: Absent, cached: None
[2EC4:6BC8][2024-07-21T11:10:58]i101: Detected package: test_JustForMe_d, state: Absent, cached: None
[2EC4:6BC8][2024-07-21T11:10:58]i101: Detected package: doc_AllUsers, state: Absent, cached: Complete
[2EC4:6BC8][2024-07-21T11:10:58]i104: Detected package: doc_AllUsers, feature: DefaultFeature, state: Absent
[2EC4:6BC8][2024-07-21T11:10:58]i104: Detected package: doc_AllUsers, feature: Shortcuts, state: Absent
[2EC4:6BC8][2024-07-21T11:10:58]i101: Detected package: doc_JustForMe, state: Absent, cached: Complete
[2EC4:6BC8][2024-07-21T11:10:58]i104: Detected package: doc_JustForMe, feature: DefaultFeature, state: Absent
[2EC4:6BC8][2024-07-21T11:10:58]i104: Detected package: doc_JustForMe, feature: Shortcuts, state: Absent
[2EC4:6BC8][2024-07-21T11:10:58]i101: Detected package: tcltk_AllUsers, state: Absent, cached: Complete
[2EC4:6BC8][2024-07-21T11:10:58]i104: Detected package: tcltk_AllUsers, feature: DefaultFeature, state: Absent
[2EC4:6BC8][2024-07-21T11:10:58]i104: Detected package: tcltk_AllUsers, feature: AssociateFiles, state: Absent
[2EC4:6BC8][2024-07-21T11:10:58]i104: Detected package: tcltk_AllUsers, feature: Shortcuts, state: Absent
[2EC4:6BC8][2024-07-21T11:10:58]i101: Detected package: tcltk_AllUsers_pdb, state: Absent, cached: None
[2EC4:6BC8][2024-07-21T11:10:58]i104: Detected package: tcltk_AllUsers_pdb, feature: Symbols, state: Absent
[2EC4:6BC8][2024-07-21T11:10:58]i101: Detected package: tcltk_AllUsers_d, state: Absent, cached: None
[2EC4:6BC8][2024-07-21T11:10:58]i104: Detected package: tcltk_AllUsers_d, feature: DebugBinaries, state: Absent
[2EC4:6BC8][2024-07-21T11:10:58]i101: Detected package: tcltk_JustForMe, state: Absent, cached: Complete
[2EC4:6BC8][2024-07-21T11:10:58]i104: Detected package: tcltk_JustForMe, feature: DefaultFeature, state: Absent
[2EC4:6BC8][2024-07-21T11:10:58]i104: Detected package: tcltk_JustForMe, feature: AssociateFiles, state: Absent
[2EC4:6BC8][2024-07-21T11:10:58]i104: Detected package: tcltk_JustForMe, feature: Shortcuts, state: Absent
[2EC4:6BC8][2024-07-21T11:10:58]i101: Detected package: tcltk_JustForMe_pdb, state: Absent, cached: None
[2EC4:6BC8][2024-07-21T11:10:58]i104: Detected package: tcltk_JustForMe_pdb, feature: Symbols, state: Absent
[2EC4:6BC8][2024-07-21T11:10:58]i101: Detected package: tcltk_JustForMe_d, state: Absent, cached: None
[2EC4:6BC8][2024-07-21T11:10:58]i104: Detected package: tcltk_JustForMe_d, feature: DebugBinaries, state: Absent
[2EC4:6BC8][2024-07-21T11:10:58]i101: Detected package: launcher_AllUsers, state: Absent, cached: Complete
[2EC4:6BC8][2024-07-21T11:10:58]i104: Detected package: launcher_AllUsers, feature: DefaultFeature, state: Absent
[2EC4:6BC8][2024-07-21T11:10:58]i104: Detected package: launcher_AllUsers, feature: AssociateFiles, state: Absent
[2EC4:6BC8][2024-07-21T11:10:58]i101: Detected package: launcher_JustForMe, state: Absent, cached: None
[2EC4:6BC8][2024-07-21T11:10:58]i104: Detected package: launcher_JustForMe, feature: DefaultFeature, state: Absent
[2EC4:6BC8][2024-07-21T11:10:58]i104: Detected package: launcher_JustForMe, feature: AssociateFiles, state: Absent
[2EC4:6BC8][2024-07-21T11:10:58]i101: Detected package: pip_AllUsers, state: Absent, cached: Complete
[2EC4:6BC8][2024-07-21T11:10:58]i101: Detected package: pip_JustForMe, state: Absent, cached: Complete
[2EC4:6BC8][2024-07-21T11:10:58]i101: Detected package: path_AllUsers, state: Absent, cached: Complete
[2EC4:6BC8][2024-07-21T11:10:58]i101: Detected package: path_JustForMe, state: Absent, cached: Complete
[2EC4:6BC8][2024-07-21T11:10:58]i101: Detected package: appendpath_AllUsers, state: Absent, cached: None
[2EC4:6BC8][2024-07-21T11:10:58]i101: Detected package: appendpath_JustForMe, state: Absent, cached: None
[2EC4:6BC8][2024-07-21T11:10:58]i101: Detected package: compileall_AllUsers, state: Absent, cached: Complete
[2EC4:6BC8][2024-07-21T11:10:58]i101: Detected package: compileallO_AllUsers, state: Absent, cached: Complete
[2EC4:6BC8][2024-07-21T11:10:58]i101: Detected package: compileallOO_AllUsers, state: Absent, cached: Complete
[2EC4:6BC8][2024-07-21T11:10:58]i101: Detected package: compileall_JustForMe, state: Absent, cached: Complete
[2EC4:6BC8][2024-07-21T11:10:58]i101: Detected package: compileallO_JustForMe, state: Absent, cached: Complete
[2EC4:6BC8][2024-07-21T11:10:58]i101: Detected package: compileallOO_JustForMe, state: Absent, cached: Complete
[2EC4:6BC8][2024-07-21T11:10:58]i000: Setting numeric variable 'InstallLauncherAllUsers' to value 0
[2EC4:6BC8][2024-07-21T11:10:58]i000: Setting numeric variable 'Include_launcher' to value 1
[2EC4:6BC8][2024-07-21T11:10:58]i000: Setting numeric variable 'AssociateFiles' to value -1
[2EC4:6BC8][2024-07-21T11:10:58]i000: Setting string variable 'TargetDir' to value 'C:\Users\SDR_B\AppData\Local\Programs\Python\Python312'
[2EC4:6BC8][2024-07-21T11:10:58]i199: Detect complete, result: 0x0
[2EC4:2F30][2024-07-21T11:10:58]i052: Condition 'not WixBundleElevated and (InstallAllUsers or (Include_launcher and InstallLauncherAllUsers and not BlockedLauncher))' evaluates to false.
[2EC4:2F30][2024-07-21T11:11:00]i000: Setting numeric variable 'InstallLauncherAllUsers' to value 1
[2EC4:2F30][2024-07-21T11:11:00]i052: Condition 'not WixBundleElevated and (InstallAllUsers or (Include_launcher and InstallLauncherAllUsers and not BlockedLauncher))' evaluates to true.
[2EC4:2F30][2024-07-21T11:11:03]i000: Setting numeric variable 'InstallLauncherAllUsers' to value 1
[2EC4:2F30][2024-07-21T11:11:03]i000: Setting numeric variable 'PrependPath' to value 1
[2EC4:2F30][2024-07-21T11:11:03]i000: Setting numeric variable 'CompileAll' to value 0
[2EC4:2F30][2024-07-21T11:11:03]i000: Setting string variable 'ActionLikeInstalling' to value 'Installing'
[2EC4:2F30][2024-07-21T11:11:03]i000: Setting string variable 'ActionLikeInstallation' to value 'Setup'
[2EC4:6BC8][2024-07-21T11:11:03]i200: Plan begin, 52 packages, action: Install
[2EC4:6BC8][2024-07-21T11:11:03]i052: Condition 'InstallAllUsers and not CRTInstalled and (Include_core or Include_exe or Include_pip) and not LauncherOnly' evaluates to false.
[2EC4:6BC8][2024-07-21T11:11:03]i052: Condition 'InstallAllUsers and not CRTInstalled and (Include_core or Include_exe or Include_pip) and not LauncherOnly' evaluates to false.
[2EC4:6BC8][2024-07-21T11:11:03]w322: Skipping cross-scope dependency registration on package: ucrt_AllUsers, bundle scope: PerUser, package scope: PerMachine
[2EC4:6BC8][2024-07-21T11:11:03]i052: Condition 'not InstallAllUsers and not CRTInstalled and (Include_core or Include_exe or Include_pip) and not LauncherOnly' evaluates to false.
[2EC4:6BC8][2024-07-21T11:11:03]i052: Condition 'not InstallAllUsers and not CRTInstalled and (Include_core or Include_exe or Include_pip) and not LauncherOnly' evaluates to false.
[2EC4:6BC8][2024-07-21T11:11:03]i052: Condition 'InstallAllUsers and (Include_core or Include_exe or Include_launcher or Include_pip) and not LauncherOnly' evaluates to false.
[2EC4:6BC8][2024-07-21T11:11:03]i052: Condition 'InstallAllUsers and (Include_core or Include_exe or Include_launcher or Include_pip) and not LauncherOnly' evaluates to false.
[2EC4:6BC8][2024-07-21T11:11:03]w322: Skipping cross-scope dependency registration on package: core_AllUsers, bundle scope: PerUser, package scope: PerMachine
[2EC4:6BC8][2024-07-21T11:11:03]i052: Condition 'InstallAllUsers and (Include_core or Include_exe or Include_launcher or Include_pip) and Include_symbols and not LauncherOnly' evaluates to false.
[2EC4:6BC8][2024-07-21T11:11:03]i052: Condition 'InstallAllUsers and (Include_core or Include_exe or Include_launcher or Include_pip) and Include_symbols and not LauncherOnly' evaluates to false.
[2EC4:6BC8][2024-07-21T11:11:03]w322: Skipping cross-scope dependency registration on package: core_AllUsers_pdb, bundle scope: PerUser, package scope: PerMachine
[2EC4:6BC8][2024-07-21T11:11:03]i052: Condition 'InstallAllUsers and (Include_core or Include_exe or Include_launcher or Include_pip) and Include_debug and not LauncherOnly' evaluates to false.
[2EC4:6BC8][2024-07-21T11:11:03]i052: Condition 'InstallAllUsers and (Include_core or Include_exe or Include_launcher or Include_pip) and Include_debug and not LauncherOnly' evaluates to false.
[2EC4:6BC8][2024-07-21T11:11:03]w322: Skipping cross-scope dependency registration on package: core_AllUsers_d, bundle scope: PerUser, package scope: PerMachine
[2EC4:6BC8][2024-07-21T11:11:03]i052: Condition 'not InstallAllUsers and (Include_core or Include_exe or Include_launcher or Include_pip) and not LauncherOnly' evaluates to true.
[2EC4:6BC8][2024-07-21T11:11:03]i052: Condition 'not InstallAllUsers and (Include_core or Include_exe or Include_launcher or Include_pip) and not LauncherOnly' evaluates to true.
[2EC4:6BC8][2024-07-21T11:11:03]i000: Setting string variable 'WixBundleRollbackLog_core_JustForMe' to value 'C:\Users\SDR_B\AppData\Local\Temp\Python 3.12.4 (64-bit)_20240721111057_000_core_JustForMe_rollback.log'
[2EC4:6BC8][2024-07-21T11:11:03]i000: Setting string variable 'WixBundleLog_core_JustForMe' to value 'C:\Users\SDR_B\AppData\Local\Temp\Python 3.12.4 (64-bit)_20240721111057_000_core_JustForMe.log'
[2EC4:6BC8][2024-07-21T11:11:03]i052: Condition 'not InstallAllUsers and (Include_core or Include_exe or Include_launcher or Include_pip) and Include_symbols and not LauncherOnly' evaluates to false.
[2EC4:6BC8][2024-07-21T11:11:03]i052: Condition 'not InstallAllUsers and (Include_core or Include_exe or Include_launcher or Include_pip) and Include_symbols and not LauncherOnly' evaluates to false.
[2EC4:6BC8][2024-07-21T11:11:03]i052: Condition 'not InstallAllUsers and (Include_core or Include_exe or Include_launcher or Include_pip) and Include_debug and not LauncherOnly' evaluates to false.
[2EC4:6BC8][2024-07-21T11:11:03]i052: Condition 'not InstallAllUsers and (Include_core or Include_exe or Include_launcher or Include_pip) and Include_debug and not LauncherOnly' evaluates to false.
[2EC4:6BC8][2024-07-21T11:11:03]i052: Condition 'InstallAllUsers and (Include_exe or Include_launcher or Include_pip) and not LauncherOnly' evaluates to false.
[2EC4:6BC8][2024-07-21T11:11:03]i052: Condition 'InstallAllUsers and (Include_exe or Include_launcher or Include_pip) and not LauncherOnly' evaluates to false.
[2EC4:6BC8][2024-07-21T11:11:03]i204: Plan 2 msi features for package: exe_AllUsers
[2EC4:6BC8][2024-07-21T11:11:03]i203: Planned feature: DefaultFeature, state: Absent, default requested: Unknown, ba requested: Local, execute action: AddLocal, rollback action: Remove
[2EC4:6BC8][2024-07-21T11:11:03]i203: Planned feature: Shortcuts, state: Absent, default requested: Unknown, ba requested: Local, execute action: AddLocal, rollback action: Remove
[2EC4:6BC8][2024-07-21T11:11:03]w322: Skipping cross-scope dependency registration on package: exe_AllUsers, bundle scope: PerUser, package scope: PerMachine
[2EC4:6BC8][2024-07-21T11:11:03]i052: Condition 'InstallAllUsers and (Include_exe or Include_launcher or Include_pip) and Include_symbols and not LauncherOnly' evaluates to false.
[2EC4:6BC8][2024-07-21T11:11:03]i052: Condition 'InstallAllUsers and (Include_exe or Include_launcher or Include_pip) and Include_symbols and not LauncherOnly' evaluates to false.
[2EC4:6BC8][2024-07-21T11:11:03]w322: Skipping cross-scope dependency registration on package: exe_AllUsers_pdb, bundle scope: PerUser, package scope: PerMachine
[2EC4:6BC8][2024-07-21T11:11:03]i052: Condition 'InstallAllUsers and (Include_exe or Include_launcher or Include_pip) and Include_debug and not LauncherOnly' evaluates to false.
[2EC4:6BC8][2024-07-21T11:11:03]i052: Condition 'InstallAllUsers and (Include_exe or Include_launcher or Include_pip) and Include_debug and not LauncherOnly' evaluates to false.
[2EC4:6BC8][2024-07-21T11:11:03]w322: Skipping cross-scope dependency registration on package: exe_AllUsers_d, bundle scope: PerUser, package scope: PerMachine
[2EC4:6BC8][2024-07-21T11:11:03]i052: Condition 'not InstallAllUsers and (Include_exe or Include_launcher or Include_pip) and not LauncherOnly' evaluates to true.
[2EC4:6BC8][2024-07-21T11:11:03]i052: Condition 'not InstallAllUsers and (Include_exe or Include_launcher or Include_pip) and not LauncherOnly' evaluates to true.
[2EC4:6BC8][2024-07-21T11:11:03]i204: Plan 2 msi features for package: exe_JustForMe
[2EC4:6BC8][2024-07-21T11:11:03]i203: Planned feature: DefaultFeature, state: Absent, default requested: Unknown, ba requested: Local, execute action: AddLocal, rollback action: Remove
[2EC4:6BC8][2024-07-21T11:11:03]i203: Planned feature: Shortcuts, state: Absent, default requested: Unknown, ba requested: Local, execute action: AddLocal, rollback action: Remove
[2EC4:6BC8][2024-07-21T11:11:03]i000: Setting string variable 'WixBundleRollbackLog_exe_JustForMe' to value 'C:\Users\SDR_B\AppData\Local\Temp\Python 3.12.4 (64-bit)_20240721111057_001_exe_JustForMe_rollback.log'
[2EC4:6BC8][2024-07-21T11:11:03]i000: Setting string variable 'WixBundleLog_exe_JustForMe' to value 'C:\Users\SDR_B\AppData\Local\Temp\Python 3.12.4 (64-bit)_20240721111057_001_exe_JustForMe.log'
[2EC4:6BC8][2024-07-21T11:11:03]i052: Condition 'not InstallAllUsers and (Include_exe or Include_launcher or Include_pip) and Include_symbols and not LauncherOnly' evaluates to false.
[2EC4:6BC8][2024-07-21T11:11:03]i052: Condition 'not InstallAllUsers and (Include_exe or Include_launcher or Include_pip) and Include_symbols and not LauncherOnly' evaluates to false.
[2EC4:6BC8][2024-07-21T11:11:03]i052: Condition 'not InstallAllUsers and (Include_exe or Include_launcher or Include_pip) and Include_debug and not LauncherOnly' evaluates to false.
[2EC4:6BC8][2024-07-21T11:11:03]i052: Condition 'not InstallAllUsers and (Include_exe or Include_launcher or Include_pip) and Include_debug and not LauncherOnly' evaluates to false.
[2EC4:6BC8][2024-07-21T11:11:03]i052: Condition 'InstallAllUsers and Include_dev and not LauncherOnly' evaluates to false.
[2EC4:6BC8][2024-07-21T11:11:03]i052: Condition 'InstallAllUsers and Include_dev and not LauncherOnly' evaluates to false.
[2EC4:6BC8][2024-07-21T11:11:03]w322: Skipping cross-scope dependency registration on package: dev_AllUsers, bundle scope: PerUser, package scope: PerMachine
[2EC4:6BC8][2024-07-21T11:11:03]i052: Condition 'InstallAllUsers and Include_dev and Include_debug and not LauncherOnly' evaluates to false.
[2EC4:6BC8][2024-07-21T11:11:03]i052: Condition 'InstallAllUsers and Include_dev and Include_debug and not LauncherOnly' evaluates to false.
[2EC4:6BC8][2024-07-21T11:11:03]w322: Skipping cross-scope dependency registration on package: dev_AllUsers_d, bundle scope: PerUser, package scope: PerMachine
[2EC4:6BC8][2024-07-21T11:11:03]i052: Condition 'not InstallAllUsers and Include_dev and not LauncherOnly' evaluates to true.
[2EC4:6BC8][2024-07-21T11:11:03]i052: Condition 'not InstallAllUsers and Include_dev and not LauncherOnly' evaluates to true.
[2EC4:6BC8][2024-07-21T11:11:03]i000: Setting string variable 'WixBundleRollbackLog_dev_JustForMe' to value 'C:\Users\SDR_B\AppData\Local\Temp\Python 3.12.4 (64-bit)_20240721111057_002_dev_JustForMe_rollback.log'
[2EC4:6BC8][2024-07-21T11:11:03]i000: Setting string variable 'WixBundleLog_dev_JustForMe' to value 'C:\Users\SDR_B\AppData\Local\Temp\Python 3.12.4 (64-bit)_20240721111057_002_dev_JustForMe.log'
[2EC4:6BC8][2024-07-21T11:11:03]i052: Condition 'not InstallAllUsers and Include_dev and Include_debug and not LauncherOnly' evaluates to false.
[2EC4:6BC8][2024-07-21T11:11:03]i052: Condition 'not InstallAllUsers and Include_dev and Include_debug and not LauncherOnly' evaluates to false.
[2EC4:6BC8][2024-07-21T11:11:03]i052: Condition 'InstallAllUsers and Include_lib and not LauncherOnly' evaluates to false.
[2EC4:6BC8][2024-07-21T11:11:03]i052: Condition 'InstallAllUsers and Include_lib and not LauncherOnly' evaluates to false.
[2EC4:6BC8][2024-07-21T11:11:03]w322: Skipping cross-scope dependency registration on package: lib_AllUsers, bundle scope: PerUser, package scope: PerMachine
[2EC4:6BC8][2024-07-21T11:11:03]i052: Condition 'InstallAllUsers and Include_lib and Include_symbols and not LauncherOnly' evaluates to false.
[2EC4:6BC8][2024-07-21T11:11:03]i052: Condition 'InstallAllUsers and Include_lib and Include_symbols and not LauncherOnly' evaluates to false.
[2EC4:6BC8][2024-07-21T11:11:03]w322: Skipping cross-scope dependency registration on package: lib_AllUsers_pdb, bundle scope: PerUser, package scope: PerMachine
[2EC4:6BC8][2024-07-21T11:11:03]i052: Condition 'InstallAllUsers and Include_lib and Include_debug and not LauncherOnly' evaluates to false.
[2EC4:6BC8][2024-07-21T11:11:03]i052: Condition 'InstallAllUsers and Include_lib and Include_debug and not LauncherOnly' evaluates to false.
[2EC4:6BC8][2024-07-21T11:11:03]w322: Skipping cross-scope dependency registration on package: lib_AllUsers_d, bundle scope: PerUser, package scope: PerMachine
[2EC4:6BC8][2024-07-21T11:11:03]i052: Condition 'not InstallAllUsers and Include_lib and not LauncherOnly' evaluates to true.
[2EC4:6BC8][2024-07-21T11:11:03]i052: Condition 'not InstallAllUsers and Include_lib and not LauncherOnly' evaluates to true.
[2EC4:6BC8][2024-07-21T11:11:03]i000: Setting string variable 'WixBundleRollbackLog_lib_JustForMe' to value 'C:\Users\SDR_B\AppData\Local\Temp\Python 3.12.4 (64-bit)_20240721111057_003_lib_JustForMe_rollback.log'
[2EC4:6BC8][2024-07-21T11:11:03]i000: Setting string variable 'WixBundleLog_lib_JustForMe' to value 'C:\Users\SDR_B\AppData\Local\Temp\Python 3.12.4 (64-bit)_20240721111057_003_lib_JustForMe.log'
[2EC4:6BC8][2024-07-21T11:11:03]i052: Condition 'not InstallAllUsers and Include_lib and Include_symbols and not LauncherOnly' evaluates to false.
[2EC4:6BC8][2024-07-21T11:11:03]i052: Condition 'not InstallAllUsers and Include_lib and Include_symbols and not LauncherOnly' evaluates to false.
[2EC4:6BC8][2024-07-21T11:11:03]i052: Condition 'not InstallAllUsers and Include_lib and Include_debug and not LauncherOnly' evaluates to false.
[2EC4:6BC8][2024-07-21T11:11:03]i052: Condition 'not InstallAllUsers and Include_lib and Include_debug and not LauncherOnly' evaluates to false.
[2EC4:6BC8][2024-07-21T11:11:03]i052: Condition 'InstallAllUsers and Include_test and not LauncherOnly' evaluates to false.
[2EC4:6BC8][2024-07-21T11:11:03]i052: Condition 'InstallAllUsers and Include_test and not LauncherOnly' evaluates to false.
[2EC4:6BC8][2024-07-21T11:11:03]w322: Skipping cross-scope dependency registration on package: test_AllUsers, bundle scope: PerUser, package scope: PerMachine
[2EC4:6BC8][2024-07-21T11:11:03]i052: Condition 'InstallAllUsers and Include_test and Include_symbols and not LauncherOnly' evaluates to false.
[2EC4:6BC8][2024-07-21T11:11:03]i052: Condition 'InstallAllUsers and Include_test and Include_symbols and not LauncherOnly' evaluates to false.
[2EC4:6BC8][2024-07-21T11:11:03]w322: Skipping cross-scope dependency registration on package: test_AllUsers_pdb, bundle scope: PerUser, package scope: PerMachine
[2EC4:6BC8][2024-07-21T11:11:03]i052: Condition 'InstallAllUsers and Include_test and Include_debug and not LauncherOnly' evaluates to false.
[2EC4:6BC8][2024-07-21T11:11:03]i052: Condition 'InstallAllUsers and Include_test and Include_debug and not LauncherOnly' evaluates to false.
[2EC4:6BC8][2024-07-21T11:11:03]w322: Skipping cross-scope dependency registration on package: test_AllUsers_d, bundle scope: PerUser, package scope: PerMachine
[2EC4:6BC8][2024-07-21T11:11:03]i052: Condition 'not InstallAllUsers and Include_test and not LauncherOnly' evaluates to true.
[2EC4:6BC8][2024-07-21T11:11:03]i052: Condition 'not InstallAllUsers and Include_test and not LauncherOnly' evaluates to true.
[2EC4:6BC8][2024-07-21T11:11:03]i000: Setting string variable 'WixBundleRollbackLog_test_JustForMe' to value 'C:\Users\SDR_B\AppData\Local\Temp\Python 3.12.4 (64-bit)_20240721111057_004_test_JustForMe_rollback.log'
[2EC4:6BC8][2024-07-21T11:11:03]i000: Setting string variable 'WixBundleLog_test_JustForMe' to value 'C:\Users\SDR_B\AppData\Local\Temp\Python 3.12.4 (64-bit)_20240721111057_004_test_JustForMe.log'
[2EC4:6BC8][2024-07-21T11:11:03]i052: Condition 'not InstallAllUsers and Include_test and Include_symbols and not LauncherOnly' evaluates to false.
[2EC4:6BC8][2024-07-21T11:11:03]i052: Condition 'not InstallAllUsers and Include_test and Include_symbols and not LauncherOnly' evaluates to false.
[2EC4:6BC8][2024-07-21T11:11:03]i052: Condition 'not InstallAllUsers and Include_test and Include_debug and not LauncherOnly' evaluates to false.
[2EC4:6BC8][2024-07-21T11:11:03]i052: Condition 'not InstallAllUsers and Include_test and Include_debug and not LauncherOnly' evaluates to false.
[2EC4:6BC8][2024-07-21T11:11:03]i052: Condition 'InstallAllUsers and Include_doc and not LauncherOnly' evaluates to false.
[2EC4:6BC8][2024-07-21T11:11:03]i052: Condition 'InstallAllUsers and Include_doc and not LauncherOnly' evaluates to false.
[2EC4:6BC8][2024-07-21T11:11:03]i204: Plan 2 msi features for package: doc_AllUsers
[2EC4:6BC8][2024-07-21T11:11:03]i203: Planned feature: DefaultFeature, state: Absent, default requested: Unknown, ba requested: Local, execute action: AddLocal, rollback action: Remove
[2EC4:6BC8][2024-07-21T11:11:03]i203: Planned feature: Shortcuts, state: Absent, default requested: Unknown, ba requested: Local, execute action: AddLocal, rollback action: Remove
[2EC4:6BC8][2024-07-21T11:11:03]w322: Skipping cross-scope dependency registration on package: doc_AllUsers, bundle scope: PerUser, package scope: PerMachine
[2EC4:6BC8][2024-07-21T11:11:03]i052: Condition 'not InstallAllUsers and Include_doc and not LauncherOnly' evaluates to true.
[2EC4:6BC8][2024-07-21T11:11:03]i052: Condition 'not InstallAllUsers and Include_doc and not LauncherOnly' evaluates to true.
[2EC4:6BC8][2024-07-21T11:11:03]i204: Plan 2 msi features for package: doc_JustForMe
[2EC4:6BC8][2024-07-21T11:11:03]i203: Planned feature: DefaultFeature, state: Absent, default requested: Unknown, ba requested: Local, execute action: AddLocal, rollback action: Remove
[2EC4:6BC8][2024-07-21T11:11:03]i203: Planned feature: Shortcuts, state: Absent, default requested: Unknown, ba requested: Local, execute action: AddLocal, rollback action: Remove
[2EC4:6BC8][2024-07-21T11:11:03]i000: Setting string variable 'WixBundleRollbackLog_doc_JustForMe' to value 'C:\Users\SDR_B\AppData\Local\Temp\Python 3.12.4 (64-bit)_20240721111057_005_doc_JustForMe_rollback.log'
[2EC4:6BC8][2024-07-21T11:11:03]i000: Setting string variable 'WixBundleLog_doc_JustForMe' to value 'C:\Users\SDR_B\AppData\Local\Temp\Python 3.12.4 (64-bit)_20240721111057_005_doc_JustForMe.log'
[2EC4:6BC8][2024-07-21T11:11:03]i052: Condition 'InstallAllUsers and Include_tcltk and not LauncherOnly' evaluates to false.
[2EC4:6BC8][2024-07-21T11:11:03]i052: Condition 'InstallAllUsers and Include_tcltk and not LauncherOnly' evaluates to false.
[2EC4:6BC8][2024-07-21T11:11:03]i204: Plan 3 msi features for package: tcltk_AllUsers
[2EC4:6BC8][2024-07-21T11:11:03]i203: Planned feature: DefaultFeature, state: Absent, default requested: Unknown, ba requested: Local, execute action: AddLocal, rollback action: Remove
[2EC4:6BC8][2024-07-21T11:11:03]i203: Planned feature: AssociateFiles, state: Absent, default requested: Unknown, ba requested: Local, execute action: AddLocal, rollback action: Remove
[2EC4:6BC8][2024-07-21T11:11:03]i203: Planned feature: Shortcuts, state: Absent, default requested: Unknown, ba requested: Local, execute action: AddLocal, rollback action: Remove
[2EC4:6BC8][2024-07-21T11:11:03]w322: Skipping cross-scope dependency registration on package: tcltk_AllUsers, bundle scope: PerUser, package scope: PerMachine
[2EC4:6BC8][2024-07-21T11:11:03]i052: Condition 'InstallAllUsers and Include_tcltk and Include_symbols and not LauncherOnly' evaluates to false.
[2EC4:6BC8][2024-07-21T11:11:03]i052: Condition 'InstallAllUsers and Include_tcltk and Include_symbols and not LauncherOnly' evaluates to false.
[2EC4:6BC8][2024-07-21T11:11:03]i204: Plan 1 msi features for package: tcltk_AllUsers_pdb
[2EC4:6BC8][2024-07-21T11:11:03]i203: Planned feature: Symbols, state: Absent, default requested: Unknown, ba requested: Local, execute action: AddLocal, rollback action: Remove
[2EC4:6BC8][2024-07-21T11:11:03]w322: Skipping cross-scope dependency registration on package: tcltk_AllUsers_pdb, bundle scope: PerUser, package scope: PerMachine
[2EC4:6BC8][2024-07-21T11:11:03]i052: Condition 'InstallAllUsers and Include_tcltk and Include_debug and not LauncherOnly' evaluates to false.
[2EC4:6BC8][2024-07-21T11:11:03]i052: Condition 'InstallAllUsers and Include_tcltk and Include_debug and not LauncherOnly' evaluates to false.
[2EC4:6BC8][2024-07-21T11:11:03]i204: Plan 1 msi features for package: tcltk_AllUsers_d
[2EC4:6BC8][2024-07-21T11:11:03]i203: Planned feature: DebugBinaries, state: Absent, default requested: Unknown, ba requested: Local, execute action: AddLocal, rollback action: Remove
[2EC4:6BC8][2024-07-21T11:11:03]w322: Skipping cross-scope dependency registration on package: tcltk_AllUsers_d, bundle scope: PerUser, package scope: PerMachine
[2EC4:6BC8][2024-07-21T11:11:03]i052: Condition 'not InstallAllUsers and Include_tcltk and not LauncherOnly' evaluates to true.
[2EC4:6BC8][2024-07-21T11:11:03]i052: Condition 'not InstallAllUsers and Include_tcltk and not LauncherOnly' evaluates to true.
[2EC4:6BC8][2024-07-21T11:11:03]i204: Plan 3 msi features for package: tcltk_JustForMe
[2EC4:6BC8][2024-07-21T11:11:03]i203: Planned feature: DefaultFeature, state: Absent, default requested: Unknown, ba requested: Local, execute action: AddLocal, rollback action: Remove
[2EC4:6BC8][2024-07-21T11:11:03]i203: Planned feature: AssociateFiles, state: Absent, default requested: Unknown, ba requested: Local, execute action: AddLocal, rollback action: Remove
[2EC4:6BC8][2024-07-21T11:11:03]i203: Planned feature: Shortcuts, state: Absent, default requested: Unknown, ba requested: Local, execute action: AddLocal, rollback action: Remove
[2EC4:6BC8][2024-07-21T11:11:03]i000: Setting string variable 'WixBundleRollbackLog_tcltk_JustForMe' to value 'C:\Users\SDR_B\AppData\Local\Temp\Python 3.12.4 (64-bit)_20240721111057_006_tcltk_JustForMe_rollback.log'
[2EC4:6BC8][2024-07-21T11:11:03]i000: Setting string variable 'WixBundleLog_tcltk_JustForMe' to value 'C:\Users\SDR_B\AppData\Local\Temp\Python 3.12.4 (64-bit)_20240721111057_006_tcltk_JustForMe.log'
[2EC4:6BC8][2024-07-21T11:11:03]i052: Condition 'not InstallAllUsers and Include_tcltk and Include_symbols and not LauncherOnly' evaluates to false.
[2EC4:6BC8][2024-07-21T11:11:03]i052: Condition 'not InstallAllUsers and Include_tcltk and Include_symbols and not LauncherOnly' evaluates to false.
[2EC4:6BC8][2024-07-21T11:11:03]i204: Plan 1 msi features for package: tcltk_JustForMe_pdb
[2EC4:6BC8][2024-07-21T11:11:03]i203: Planned feature: Symbols, state: Absent, default requested: Unknown, ba requested: Local, execute action: AddLocal, rollback action: Remove
[2EC4:6BC8][2024-07-21T11:11:03]i052: Condition 'not InstallAllUsers and Include_tcltk and Include_debug and not LauncherOnly' evaluates to false.
[2EC4:6BC8][2024-07-21T11:11:03]i052: Condition 'not InstallAllUsers and Include_tcltk and Include_debug and not LauncherOnly' evaluates to false.
[2EC4:6BC8][2024-07-21T11:11:03]i204: Plan 1 msi features for package: tcltk_JustForMe_d
[2EC4:6BC8][2024-07-21T11:11:03]i203: Planned feature: DebugBinaries, state: Absent, default requested: Unknown, ba requested: Local, execute action: AddLocal, rollback action: Remove
[2EC4:6BC8][2024-07-21T11:11:03]i052: Condition '(InstallAllUsers or InstallLauncherAllUsers) and Include_launcher and not BlockedLauncher' evaluates to true.
[2EC4:6BC8][2024-07-21T11:11:03]i052: Condition '(InstallAllUsers or InstallLauncherAllUsers) and Include_launcher and not BlockedLauncher' evaluates to true.
[2EC4:6BC8][2024-07-21T11:11:03]i204: Plan 2 msi features for package: launcher_AllUsers
[2EC4:6BC8][2024-07-21T11:11:03]i203: Planned feature: DefaultFeature, state: Absent, default requested: Unknown, ba requested: Local, execute action: AddLocal, rollback action: Remove
[2EC4:6BC8][2024-07-21T11:11:03]i203: Planned feature: AssociateFiles, state: Absent, default requested: Unknown, ba requested: Local, execute action: AddLocal, rollback action: Remove
[2EC4:6BC8][2024-07-21T11:11:03]w322: Skipping cross-scope dependency registration on package: launcher_AllUsers, bundle scope: PerUser, package scope: PerMachine
[2EC4:6BC8][2024-07-21T11:11:03]i000: Setting string variable 'WixBundleLog_launcher_AllUsers' to value 'C:\Users\SDR_B\AppData\Local\Temp\Python 3.12.4 (64-bit)_20240721111057_007_launcher_AllUsers.log'
[2EC4:6BC8][2024-07-21T11:11:03]i052: Condition 'not (InstallAllUsers or InstallLauncherAllUsers) and Include_launcher and not BlockedLauncher' evaluates to false.
[2EC4:6BC8][2024-07-21T11:11:03]i052: Condition 'not (InstallAllUsers or InstallLauncherAllUsers) and Include_launcher and not BlockedLauncher' evaluates to false.
[2EC4:6BC8][2024-07-21T11:11:03]i204: Plan 2 msi features for package: launcher_JustForMe
[2EC4:6BC8][2024-07-21T11:11:03]i203: Planned feature: DefaultFeature, state: Absent, default requested: Unknown, ba requested: Local, execute action: AddLocal, rollback action: Remove
[2EC4:6BC8][2024-07-21T11:11:03]i203: Planned feature: AssociateFiles, state: Absent, default requested: Unknown, ba requested: Local, execute action: AddLocal, rollback action: Remove
[2EC4:6BC8][2024-07-21T11:11:03]i052: Condition 'InstallAllUsers and Include_pip and not LauncherOnly' evaluates to false.
[2EC4:6BC8][2024-07-21T11:11:03]i052: Condition 'InstallAllUsers and Include_pip and not LauncherOnly' evaluates to false.
[2EC4:6BC8][2024-07-21T11:11:03]w322: Skipping cross-scope dependency registration on package: pip_AllUsers, bundle scope: PerUser, package scope: PerMachine
[2EC4:6BC8][2024-07-21T11:11:03]i052: Condition 'not InstallAllUsers and Include_pip and not LauncherOnly' evaluates to true.
[2EC4:6BC8][2024-07-21T11:11:03]i052: Condition 'not InstallAllUsers and Include_pip and not LauncherOnly' evaluates to true.
[2EC4:6BC8][2024-07-21T11:11:03]i000: Setting string variable 'WixBundleRollbackLog_pip_JustForMe' to value 'C:\Users\SDR_B\AppData\Local\Temp\Python 3.12.4 (64-bit)_20240721111057_008_pip_JustForMe_rollback.log'
[2EC4:6BC8][2024-07-21T11:11:03]i000: Setting string variable 'WixBundleLog_pip_JustForMe' to value 'C:\Users\SDR_B\AppData\Local\Temp\Python 3.12.4 (64-bit)_20240721111057_008_pip_JustForMe.log'
[2EC4:6BC8][2024-07-21T11:11:03]i052: Condition 'InstallAllUsers and PrependPath and not LauncherOnly' evaluates to false.
[2EC4:6BC8][2024-07-21T11:11:03]i052: Condition 'InstallAllUsers and PrependPath and not LauncherOnly' evaluates to false.
[2EC4:6BC8][2024-07-21T11:11:03]w322: Skipping cross-scope dependency registration on package: path_AllUsers, bundle scope: PerUser, package scope: PerMachine
[2EC4:6BC8][2024-07-21T11:11:03]i052: Condition 'not InstallAllUsers and PrependPath and not LauncherOnly' evaluates to true.
[2EC4:6BC8][2024-07-21T11:11:03]i052: Condition 'not InstallAllUsers and PrependPath and not LauncherOnly' evaluates to true.
[2EC4:6BC8][2024-07-21T11:11:03]i000: Setting string variable 'WixBundleRollbackLog_path_JustForMe' to value 'C:\Users\SDR_B\AppData\Local\Temp\Python 3.12.4 (64-bit)_20240721111057_009_path_JustForMe_rollback.log'
[2EC4:6BC8][2024-07-21T11:11:03]i000: Setting string variable 'WixBundleLog_path_JustForMe' to value 'C:\Users\SDR_B\AppData\Local\Temp\Python 3.12.4 (64-bit)_20240721111057_009_path_JustForMe.log'
[2EC4:6BC8][2024-07-21T11:11:03]i052: Condition 'InstallAllUsers and AppendPath and not LauncherOnly' evaluates to false.
[2EC4:6BC8][2024-07-21T11:11:03]i052: Condition 'InstallAllUsers and AppendPath and not LauncherOnly' evaluates to false.
[2EC4:6BC8][2024-07-21T11:11:03]w322: Skipping cross-scope dependency registration on package: appendpath_AllUsers, bundle scope: PerUser, package scope: PerMachine
[2EC4:6BC8][2024-07-21T11:11:03]i052: Condition 'not InstallAllUsers and AppendPath and not LauncherOnly' evaluates to false.
[2EC4:6BC8][2024-07-21T11:11:03]i052: Condition 'not InstallAllUsers and AppendPath and not LauncherOnly' evaluates to false.
[2EC4:6BC8][2024-07-21T11:11:03]i052: Condition 'InstallAllUsers and CompileAll and not LauncherOnly' evaluates to false.
[2EC4:6BC8][2024-07-21T11:11:03]i052: Condition 'InstallAllUsers and CompileAll and not LauncherOnly' evaluates to false.
[2EC4:6BC8][2024-07-21T11:11:03]w321: Skipping dependency registration on package with no dependency providers: compileall_AllUsers
[2EC4:6BC8][2024-07-21T11:11:03]i052: Condition 'InstallAllUsers and CompileAll and not LauncherOnly' evaluates to false.
[2EC4:6BC8][2024-07-21T11:11:03]i052: Condition 'InstallAllUsers and CompileAll and not LauncherOnly' evaluates to false.
[2EC4:6BC8][2024-07-21T11:11:03]w321: Skipping dependency registration on package with no dependency providers: compileallO_AllUsers
[2EC4:6BC8][2024-07-21T11:11:03]i052: Condition 'InstallAllUsers and CompileAll and not LauncherOnly' evaluates to false.
[2EC4:6BC8][2024-07-21T11:11:03]i052: Condition 'InstallAllUsers and CompileAll and not LauncherOnly' evaluates to false.
[2EC4:6BC8][2024-07-21T11:11:03]w321: Skipping dependency registration on package with no dependency providers: compileallOO_AllUsers
[2EC4:6BC8][2024-07-21T11:11:03]i052: Condition 'not InstallAllUsers and CompileAll and not LauncherOnly' evaluates to false.
[2EC4:6BC8][2024-07-21T11:11:03]i052: Condition 'not InstallAllUsers and CompileAll and not LauncherOnly' evaluates to false.
[2EC4:6BC8][2024-07-21T11:11:03]w321: Skipping dependency registration on package with no dependency providers: compileall_JustForMe
[2EC4:6BC8][2024-07-21T11:11:03]i052: Condition 'not InstallAllUsers and CompileAll and not LauncherOnly' evaluates to false.
[2EC4:6BC8][2024-07-21T11:11:03]i052: Condition 'not InstallAllUsers and CompileAll and not LauncherOnly' evaluates to false.
[2EC4:6BC8][2024-07-21T11:11:03]w321: Skipping dependency registration on package with no dependency providers: compileallO_JustForMe
[2EC4:6BC8][2024-07-21T11:11:03]i052: Condition 'not InstallAllUsers and CompileAll and not LauncherOnly' evaluates to false.
[2EC4:6BC8][2024-07-21T11:11:03]i052: Condition 'not InstallAllUsers and CompileAll and not LauncherOnly' evaluates to false.
[2EC4:6BC8][2024-07-21T11:11:03]w321: Skipping dependency registration on package with no dependency providers: compileallOO_JustForMe
[2EC4:6BC8][2024-07-21T11:11:03]i201: Planned package: ucrt_AllUsers, state: Absent, default requested: Absent, ba requested: Absent, execute: None, rollback: None, cache: No, uncache: No, dependency: None
[2EC4:6BC8][2024-07-21T11:11:03]i201: Planned package: ucrt_JustForMe, state: Absent, default requested: Absent, ba requested: Absent, execute: None, rollback: None, cache: No, uncache: No, dependency: None
[2EC4:6BC8][2024-07-21T11:11:03]i201: Planned package: core_AllUsers, state: Absent, default requested: Absent, ba requested: Absent, execute: None, rollback: None, cache: No, uncache: No, dependency: None
[2EC4:6BC8][2024-07-21T11:11:03]i201: Planned package: core_AllUsers_pdb, state: Absent, default requested: Absent, ba requested: Absent, execute: None, rollback: None, cache: No, uncache: No, dependency: None
[2EC4:6BC8][2024-07-21T11:11:03]i201: Planned package: core_AllUsers_d, state: Absent, default requested: Absent, ba requested: Absent, execute: None, rollback: None, cache: No, uncache: No, dependency: None
[2EC4:6BC8][2024-07-21T11:11:03]i201: Planned package: core_JustForMe, state: Absent, default requested: Present, ba requested: Present, execute: Install, rollback: Uninstall, cache: Yes, uncache: No, dependency: Register
[2EC4:6BC8][2024-07-21T11:11:03]i201: Planned package: core_JustForMe_pdb, state: Absent, default requested: Absent, ba requested: Absent, execute: None, rollback: None, cache: No, uncache: No, dependency: None
[2EC4:6BC8][2024-07-21T11:11:03]i201: Planned package: core_JustForMe_d, state: Absent, default requested: Absent, ba requested: Absent, execute: None, rollback: None, cache: No, uncache: No, dependency: None
[2EC4:6BC8][2024-07-21T11:11:03]i201: Planned package: exe_AllUsers, state: Absent, default requested: Absent, ba requested: Absent, execute: None, rollback: None, cache: No, uncache: No, dependency: None
[2EC4:6BC8][2024-07-21T11:11:03]i201: Planned package: exe_AllUsers_pdb, state: Absent, default requested: Absent, ba requested: Absent, execute: None, rollback: None, cache: No, uncache: No, dependency: None
[2EC4:6BC8][2024-07-21T11:11:03]i201: Planned package: exe_AllUsers_d, state: Absent, default requested: Absent, ba requested: Absent, execute: None, rollback: None, cache: No, uncache: No, dependency: None
[2EC4:6BC8][2024-07-21T11:11:03]i201: Planned package: exe_JustForMe, state: Absent, default requested: Present, ba requested: Present, execute: Install, rollback: Uninstall, cache: Yes, uncache: No, dependency: Register
[2EC4:6BC8][2024-07-21T11:11:03]i201: Planned package: exe_JustForMe_pdb, state: Absent, default requested: Absent, ba requested: Absent, execute: None, rollback: None, cache: No, uncache: No, dependency: None
[2EC4:6BC8][2024-07-21T11:11:03]i201: Planned package: exe_JustForMe_d, state: Absent, default requested: Absent, ba requested: Absent, execute: None, rollback: None, cache: No, uncache: No, dependency: None
[2EC4:6BC8][2024-07-21T11:11:03]i201: Planned package: dev_AllUsers, state: Absent, default requested: Absent, ba requested: Absent, execute: None, rollback: None, cache: No, uncache: No, dependency: None
[2EC4:6BC8][2024-07-21T11:11:03]i201: Planned package: dev_AllUsers_d, state: Absent, default requested: Absent, ba requested: Absent, execute: None, rollback: None, cache: No, uncache: No, dependency: None
[2EC4:6BC8][2024-07-21T11:11:03]i201: Planned package: dev_JustForMe, state: Absent, default requested: Present, ba requested: Present, execute: Install, rollback: Uninstall, cache: Yes, uncache: No, dependency: Register
[2EC4:6BC8][2024-07-21T11:11:03]i201: Planned package: dev_JustForMe_d, state: Absent, default requested: Absent, ba requested: Absent, execute: None, rollback: None, cache: No, uncache: No, dependency: None
[2EC4:6BC8][2024-07-21T11:11:03]i201: Planned package: lib_AllUsers, state: Absent, default requested: Absent, ba requested: Absent, execute: None, rollback: None, cache: No, uncache: Yes, dependency: None
[2EC4:6BC8][2024-07-21T11:11:03]i201: Planned package: lib_AllUsers_pdb, state: Absent, default requested: Absent, ba requested: Absent, execute: None, rollback: None, cache: No, uncache: No, dependency: None
[2EC4:6BC8][2024-07-21T11:11:03]i201: Planned package: lib_AllUsers_d, state: Absent, default requested: Absent, ba requested: Absent, execute: None, rollback: None, cache: No, uncache: No, dependency: None
[2EC4:6BC8][2024-07-21T11:11:03]i201: Planned package: lib_JustForMe, state: Absent, default requested: Present, ba requested: Present, execute: Install, rollback: Uninstall, cache: No, uncache: No, dependency: Register
[2EC4:6BC8][2024-07-21T11:11:03]i201: Planned package: lib_JustForMe_pdb, state: Absent, default requested: Absent, ba requested: Absent, execute: None, rollback: None, cache: No, uncache: No, dependency: None
[2EC4:6BC8][2024-07-21T11:11:03]i201: Planned package: lib_JustForMe_d, state: Absent, default requested: Absent, ba requested: Absent, execute: None, rollback: None, cache: No, uncache: No, dependency: None
[2EC4:6BC8][2024-07-21T11:11:03]i201: Planned package: test_AllUsers, state: Absent, default requested: Absent, ba requested: Absent, execute: None, rollback: None, cache: No, uncache: Yes, dependency: None
[2EC4:6BC8][2024-07-21T11:11:03]i201: Planned package: test_AllUsers_pdb, state: Absent, default requested: Absent, ba requested: Absent, execute: None, rollback: None, cache: No, uncache: No, dependency: None
[2EC4:6BC8][2024-07-21T11:11:03]i201: Planned package: test_AllUsers_d, state: Absent, default requested: Absent, ba requested: Absent, execute: None, rollback: None, cache: No, uncache: No, dependency: None
[2EC4:6BC8][2024-07-21T11:11:03]i201: Planned package: test_JustForMe, state: Absent, default requested: Present, ba requested: Present, execute: Install, rollback: Uninstall, cache: No, uncache: No, dependency: Register
[2EC4:6BC8][2024-07-21T11:11:03]i201: Planned package: test_JustForMe_pdb, state: Absent, default requested: Absent, ba requested: Absent, execute: None, rollback: None, cache: No, uncache: No, dependency: None
[2EC4:6BC8][2024-07-21T11:11:03]i201: Planned package: test_JustForMe_d, state: Absent, default requested: Absent, ba requested: Absent, execute: None, rollback: None, cache: No, uncache: No, dependency: None
[2EC4:6BC8][2024-07-21T11:11:03]i201: Planned package: doc_AllUsers, state: Absent, default requested: Absent, ba requested: Absent, execute: None, rollback: None, cache: No, uncache: Yes, dependency: None
[2EC4:6BC8][2024-07-21T11:11:03]i201: Planned package: doc_JustForMe, state: Absent, default requested: Present, ba requested: Present, execute: Install, rollback: Uninstall, cache: No, uncache: No, dependency: Register
[2EC4:6BC8][2024-07-21T11:11:03]i201: Planned package: tcltk_AllUsers, state: Absent, default requested: Absent, ba requested: Absent, execute: None, rollback: None, cache: No, uncache: Yes, dependency: None
[2EC4:6BC8][2024-07-21T11:11:03]i201: Planned package: tcltk_AllUsers_pdb, state: Absent, default requested: Absent, ba requested: Absent, execute: None, rollback: None, cache: No, uncache: No, dependency: None
[2EC4:6BC8][2024-07-21T11:11:03]i201: Planned package: tcltk_AllUsers_d, state: Absent, default requested: Absent, ba requested: Absent, execute: None, rollback: None, cache: No, uncache: No, dependency: None
[2EC4:6BC8][2024-07-21T11:11:03]i201: Planned package: tcltk_JustForMe, state: Absent, default requested: Present, ba requested: Present, execute: Install, rollback: Uninstall, cache: No, uncache: No, dependency: Register
[2EC4:6BC8][2024-07-21T11:11:03]i201: Planned package: tcltk_JustForMe_pdb, state: Absent, default requested: Absent, ba requested: Absent, execute: None, rollback: None, cache: No, uncache: No, dependency: None
[2EC4:6BC8][2024-07-21T11:11:03]i201: Planned package: tcltk_JustForMe_d, state: Absent, default requested: Absent, ba requested: Absent, execute: None, rollback: None, cache: No, uncache: No, dependency: None
[2EC4:6BC8][2024-07-21T11:11:03]i201: Planned package: launcher_AllUsers, state: Absent, default requested: Present, ba requested: Present, execute: Install, rollback: None, cache: No, uncache: No, dependency: None
[2EC4:6BC8][2024-07-21T11:11:03]i201: Planned package: launcher_JustForMe, state: Absent, default requested: Absent, ba requested: Absent, execute: None, rollback: None, cache: No, uncache: No, dependency: None
[2EC4:6BC8][2024-07-21T11:11:03]i201: Planned package: pip_AllUsers, state: Absent, default requested: Absent, ba requested: Absent, execute: None, rollback: None, cache: No, uncache: Yes, dependency: None
[2EC4:6BC8][2024-07-21T11:11:03]i201: Planned package: pip_JustForMe, state: Absent, default requested: Present, ba requested: Present, execute: Install, rollback: Uninstall, cache: No, uncache: No, dependency: Register
[2EC4:6BC8][2024-07-21T11:11:03]i201: Planned package: path_AllUsers, state: Absent, default requested: Absent, ba requested: Absent, execute: None, rollback: None, cache: No, uncache: Yes, dependency: None
[2EC4:6BC8][2024-07-21T11:11:03]i201: Planned package: path_JustForMe, state: Absent, default requested: Present, ba requested: Present, execute: Install, rollback: Uninstall, cache: No, uncache: No, dependency: Register
[2EC4:6BC8][2024-07-21T11:11:03]i201: Planned package: appendpath_AllUsers, state: Absent, default requested: Absent, ba requested: Absent, execute: None, rollback: None, cache: No, uncache: No, dependency: None
[2EC4:6BC8][2024-07-21T11:11:03]i201: Planned package: appendpath_JustForMe, state: Absent, default requested: Absent, ba requested: Absent, execute: None, rollback: None, cache: No, uncache: No, dependency: None
[2EC4:6BC8][2024-07-21T11:11:03]i201: Planned package: compileall_AllUsers, state: Absent, default requested: Absent, ba requested: Absent, execute: None, rollback: None, cache: No, uncache: Yes, dependency: None
[2EC4:6BC8][2024-07-21T11:11:03]i201: Planned package: compileallO_AllUsers, state: Absent, default requested: Absent, ba requested: Absent, execute: None, rollback: None, cache: No, uncache: Yes, dependency: None
[2EC4:6BC8][2024-07-21T11:11:03]i201: Planned package: compileallOO_AllUsers, state: Absent, default requested: Absent, ba requested: Absent, execute: None, rollback: None, cache: No, uncache: Yes, dependency: None
[2EC4:6BC8][2024-07-21T11:11:03]i201: Planned package: compileall_JustForMe, state: Absent, default requested: Absent, ba requested: Absent, execute: None, rollback: None, cache: No, uncache: Yes, dependency: None
[2EC4:6BC8][2024-07-21T11:11:03]i201: Planned package: compileallO_JustForMe, state: Absent, default requested: Absent, ba requested: Absent, execute: None, rollback: None, cache: No, uncache: Yes, dependency: None
[2EC4:6BC8][2024-07-21T11:11:03]i201: Planned package: compileallOO_JustForMe, state: Absent, default requested: Absent, ba requested: Absent, execute: None, rollback: None, cache: No, uncache: Yes, dependency: None
[2EC4:6BC8][2024-07-21T11:11:03]i299: Plan complete, result: 0x0
[2EC4:6BC8][2024-07-21T11:11:03]i300: Apply begin
[2EC4:6BC8][2024-07-21T11:11:03]i010: Launching elevated engine process.
[2EC4:6BC8][2024-07-21T11:11:05]i011: Launched elevated engine process.
[2EC4:6BC8][2024-07-21T11:11:06]i012: Connected to elevated engine.
[0994:5E28][2024-07-21T11:11:06]i358: Pausing automatic updates.
[0994:5E28][2024-07-21T11:11:06]i359: Paused automatic updates.
[0994:5E28][2024-07-21T11:11:06]i360: Creating a system restore point.
[0994:5E28][2024-07-21T11:11:06]w363: Could not create system restore point, error: 0x80070422. Continuing...
[2EC4:6BC8][2024-07-21T11:11:06]i370: Session begin, registration key: SOFTWARE\Microsoft\Windows\CurrentVersion\Uninstall\{fb355cb0-c07e-4095-85a7-81c5a2838da6}, options: 0x7, disable resume: No
[2EC4:6BC8][2024-07-21T11:11:06]i000: Caching bundle from: 'C:\Users\SDR_B\AppData\Local\Temp\{4D1B21F2-038B-449D-AF7A-3E3A9F30E0DE}\.be\python-3.12.4-amd64.exe' to: 'C:\Users\SDR_B\AppData\Local\Package Cache\{fb355cb0-c07e-4095-85a7-81c5a2838da6}\python-3.12.4-amd64.exe'
[2EC4:6BC8][2024-07-21T11:11:06]i320: Registering bundle dependency provider: CPython-3.12, version: 3.12.4150.0
[2EC4:6BC8][2024-07-21T11:11:06]i371: Updating session, registration key: SOFTWARE\Microsoft\Windows\CurrentVersion\Uninstall\{fb355cb0-c07e-4095-85a7-81c5a2838da6}, resume: Active, restart initiated: No, disable resume: No
[2EC4:3470][2024-07-21T11:11:06]i305: Verified acquired payload: core_JustForMe at path: C:\Users\SDR_B\AppData\Local\Package Cache\.unverified\core_JustForMe, moving to: C:\Users\SDR_B\AppData\Local\Package Cache\{4F815F87-CE9F-45CF-AEDE-EDF03728F8E6}v3.12.4150.0\core.msi.
[2EC4:6BC8][2024-07-21T11:11:06]i323: Registering package dependency provider: {4F815F87-CE9F-45CF-AEDE-EDF03728F8E6}, version: 3.12.4150.0, package: core_JustForMe
[2EC4:6BC8][2024-07-21T11:11:06]i301: Applying execute package: core_JustForMe, action: Install, path: C:\Users\SDR_B\AppData\Local\Package Cache\{4F815F87-CE9F-45CF-AEDE-EDF03728F8E6}v3.12.4150.0\core.msi, arguments: ' ARPSYSTEMCOMPONENT="1" MSIFASTINSTALL="7" TARGETDIR="C:\Users\SDR_B\AppData\Local\Programs\Python\Python312" OPTIONALFEATURESREGISTRYKEY="Software\Python\PythonCore\3.12\InstalledFeatures"'
[2EC4:3470][2024-07-21T11:11:06]i305: Verified acquired payload: exe_JustForMe at path: C:\Users\SDR_B\AppData\Local\Package Cache\.unverified\exe_JustForMe, moving to: C:\Users\SDR_B\AppData\Local\Package Cache\{754A267E-52AE-4A9F-AFF4-F67EDC4B3610}v3.12.4150.0\exe.msi.
[2EC4:3470][2024-07-21T11:11:06]i305: Verified acquired payload: dev_JustForMe at path: C:\Users\SDR_B\AppData\Local\Package Cache\.unverified\dev_JustForMe, moving to: C:\Users\SDR_B\AppData\Local\Package Cache\{7BFF8368-33A0-4DB3-9442-F5C881FE1B4D}v3.12.4150.0\dev.msi.
[2EC4:6BC8][2024-07-21T11:11:06]i319: Applied execute package: core_JustForMe, result: 0x0, restart: None
[2EC4:6BC8][2024-07-21T11:11:06]i325: Registering dependency: {fb355cb0-c07e-4095-85a7-81c5a2838da6} on package provider: {4F815F87-CE9F-45CF-AEDE-EDF03728F8E6}, package: core_JustForMe
[2EC4:6BC8][2024-07-21T11:11:06]i323: Registering package dependency provider: {754A267E-52AE-4A9F-AFF4-F67EDC4B3610}, version: 3.12.4150.0, package: exe_JustForMe
[2EC4:6BC8][2024-07-21T11:11:06]i301: Applying execute package: exe_JustForMe, action: Install, path: C:\Users\SDR_B\AppData\Local\Package Cache\{754A267E-52AE-4A9F-AFF4-F67EDC4B3610}v3.12.4150.0\exe.msi, arguments: ' ARPSYSTEMCOMPONENT="1" MSIFASTINSTALL="7" TARGETDIR="C:\Users\SDR_B\AppData\Local\Programs\Python\Python312" OPTIONALFEATURESREGISTRYKEY="Software\Python\PythonCore\3.12\InstalledFeatures" ADDLOCAL="DefaultFeature,Shortcuts"'
[2EC4:3470][2024-07-21T11:11:07]i304: Verified existing payload: lib_JustForMe at path: C:\Users\SDR_B\AppData\Local\Package Cache\{62DD7DAF-6279-46FA-A06B-C4A541244045}v3.12.4150.0\lib.msi.
[2EC4:3470][2024-07-21T11:11:07]i304: Verified existing payload: test_JustForMe at path: C:\Users\SDR_B\AppData\Local\Package Cache\{AC669800-A797-444D-A450-A5109BBC74DE}v3.12.4150.0\test.msi.
[2EC4:6BC8][2024-07-21T11:11:07]i319: Applied execute package: exe_JustForMe, result: 0x0, restart: None
[2EC4:6BC8][2024-07-21T11:11:07]i325: Registering dependency: {fb355cb0-c07e-4095-85a7-81c5a2838da6} on package provider: {754A267E-52AE-4A9F-AFF4-F67EDC4B3610}, package: exe_JustForMe
[2EC4:6BC8][2024-07-21T11:11:07]i323: Registering package dependency provider: {7BFF8368-33A0-4DB3-9442-F5C881FE1B4D}, version: 3.12.4150.0, package: dev_JustForMe
[2EC4:6BC8][2024-07-21T11:11:07]i301: Applying execute package: dev_JustForMe, action: Install, path: C:\Users\SDR_B\AppData\Local\Package Cache\{7BFF8368-33A0-4DB3-9442-F5C881FE1B4D}v3.12.4150.0\dev.msi, arguments: ' ARPSYSTEMCOMPONENT="1" MSIFASTINSTALL="7" TARGETDIR="C:\Users\SDR_B\AppData\Local\Programs\Python\Python312" OPTIONALFEATURESREGISTRYKEY="Software\Python\PythonCore\3.12\InstalledFeatures"'
[2EC4:3470][2024-07-21T11:11:07]i304: Verified existing payload: doc_JustForMe at path: C:\Users\SDR_B\AppData\Local\Package Cache\{AC7F58DC-CF45-4B28-9EAE-AE152C588907}v3.12.4150.0\doc.msi.
[2EC4:3470][2024-07-21T11:11:08]i304: Verified existing payload: tcltk_JustForMe at path: C:\Users\SDR_B\AppData\Local\Package Cache\{71BC2876-3319-44FC-B5C5-1C0B86FC2733}v3.12.4150.0\tcltk.msi.
[0994:2A88][2024-07-21T11:11:08]i304: Verified existing payload: launcher_AllUsers at path: C:\ProgramData\Package Cache\{3C4935A5-B72E-4DA4-809E-0287A0BC046F}v3.12.4150.0\launcher.msi.
[2EC4:3470][2024-07-21T11:11:08]i304: Verified existing payload: pip_JustForMe at path: C:\Users\SDR_B\AppData\Local\Package Cache\{EFA83559-2E1E-4671-85F7-B28AA1DD08D7}v3.12.4150.0\pip.msi.
[2EC4:3470][2024-07-21T11:11:08]i304: Verified existing payload: path_JustForMe at path: C:\Users\SDR_B\AppData\Local\Package Cache\{EE615DC3-96ED-4BAD-8C76-ED4CCB561389}v3.12.4150.0\path.msi.
[2EC4:6BC8][2024-07-21T11:11:11]e000: Error 0x80070642: Failed to install MSI package.
[2EC4:6BC8][2024-07-21T11:11:11]e000: Error 0x80070642: Failed to configure per-user MSI package.
[2EC4:6BC8][2024-07-21T11:11:11]i319: Applied execute package: dev_JustForMe, result: 0x80070642, restart: None
[2EC4:6BC8][2024-07-21T11:11:11]e000: Error 0x80070642: Failed to execute MSI package.
[2EC4:6BC8][2024-07-21T11:11:11]i318: Skipped rollback of package: dev_JustForMe, action: Uninstall, already: Absent
[2EC4:6BC8][2024-07-21T11:11:11]i319: Applied rollback package: dev_JustForMe, result: 0x0, restart: None
[2EC4:6BC8][2024-07-21T11:11:11]i329: Removed package dependency provider: {7BFF8368-33A0-4DB3-9442-F5C881FE1B4D}, package: dev_JustForMe
[2EC4:6BC8][2024-07-21T11:11:11]i351: Removing cached package: dev_JustForMe, from path: C:\Users\SDR_B\AppData\Local\Package Cache\{7BFF8368-33A0-4DB3-9442-F5C881FE1B4D}v3.12.4150.0\
[2EC4:6BC8][2024-07-21T11:11:11]i329: Removed package dependency provider: {43868789-690C-43F2-9A63-694408FA5A3A}, package: exe_JustForMe_d
[2EC4:6BC8][2024-07-21T11:11:11]i329: Removed package dependency provider: {3CF882F7-87F8-4FEE-9FAE-242B4B4D9554}, package: exe_JustForMe_pdb
[2EC4:6BC8][2024-07-21T11:11:11]i326: Removed dependency: {fb355cb0-c07e-4095-85a7-81c5a2838da6} on package provider: {754A267E-52AE-4A9F-AFF4-F67EDC4B3610}, package exe_JustForMe
[2EC4:6BC8][2024-07-21T11:11:11]i301: Applying rollback package: exe_JustForMe, action: Uninstall, path: (null), arguments: ' ARPSYSTEMCOMPONENT="1" MSIFASTINSTALL="7" TARGETDIR="C:\Users\SDR_B\AppData\Local\Programs\Python\Python312" OPTIONALFEATURESREGISTRYKEY="Software\Python\PythonCore\3.12\InstalledFeatures" REMOVE="DefaultFeature,Shortcuts"'
[2EC4:6BC8][2024-07-21T11:11:13]i319: Applied rollback package: exe_JustForMe, result: 0x0, restart: None
[2EC4:6BC8][2024-07-21T11:11:13]i329: Removed package dependency provider: {754A267E-52AE-4A9F-AFF4-F67EDC4B3610}, package: exe_JustForMe
[2EC4:6BC8][2024-07-21T11:11:13]i351: Removing cached package: exe_JustForMe, from path: C:\Users\SDR_B\AppData\Local\Package Cache\{754A267E-52AE-4A9F-AFF4-F67EDC4B3610}v3.12.4150.0\
[2EC4:6BC8][2024-07-21T11:11:13]i329: Removed package dependency provider: {B0267E2F-9E70-4339-9730-BA9A2C0228CC}, package: core_JustForMe_d
[2EC4:6BC8][2024-07-21T11:11:13]i329: Removed package dependency provider: {DA8DABE5-3888-484A-83CB-1283F967DFA2}, package: core_JustForMe_pdb
[2EC4:6BC8][2024-07-21T11:11:13]i326: Removed dependency: {fb355cb0-c07e-4095-85a7-81c5a2838da6} on package provider: {4F815F87-CE9F-45CF-AEDE-EDF03728F8E6}, package core_JustForMe
[2EC4:6BC8][2024-07-21T11:11:13]i301: Applying rollback package: core_JustForMe, action: Uninstall, path: (null), arguments: ' ARPSYSTEMCOMPONENT="1" MSIFASTINSTALL="7" TARGETDIR="C:\Users\SDR_B\AppData\Local\Programs\Python\Python312" OPTIONALFEATURESREGISTRYKEY="Software\Python\PythonCore\3.12\InstalledFeatures"'
[2EC4:6BC8][2024-07-21T11:11:13]i319: Applied rollback package: core_JustForMe, result: 0x0, restart: None
[2EC4:6BC8][2024-07-21T11:11:13]i329: Removed package dependency provider: {4F815F87-CE9F-45CF-AEDE-EDF03728F8E6}, package: core_JustForMe
[2EC4:6BC8][2024-07-21T11:11:13]i351: Removing cached package: core_JustForMe, from path: C:\Users\SDR_B\AppData\Local\Package Cache\{4F815F87-CE9F-45CF-AEDE-EDF03728F8E6}v3.12.4150.0\
[2EC4:6BC8][2024-07-21T11:11:13]i329: Removed package dependency provider: {A40CEAED-B06D-42B7-BC28-9984BC0FC5D4}, package: ucrt_JustForMe
[2EC4:6BC8][2024-07-21T11:11:13]i372: Session end, registration key: SOFTWARE\Microsoft\Windows\CurrentVersion\Uninstall\{fb355cb0-c07e-4095-85a7-81c5a2838da6}, resume: None, restart: None, disable resume: No
[2EC4:6BC8][2024-07-21T11:11:13]i330: Removed bundle dependency provider: CPython-3.12
[2EC4:6BC8][2024-07-21T11:11:13]i352: Removing cached bundle: {fb355cb0-c07e-4095-85a7-81c5a2838da6}, from path: C:\Users\SDR_B\AppData\Local\Package Cache\{fb355cb0-c07e-4095-85a7-81c5a2838da6}\
[2EC4:6BC8][2024-07-21T11:11:13]i371: Updating session, registration key: SOFTWARE\Microsoft\Windows\CurrentVersion\Uninstall\{fb355cb0-c07e-4095-85a7-81c5a2838da6}, resume: None, restart initiated: No, disable resume: No
[2EC4:6BC8][2024-07-21T11:11:13]i399: Apply complete, result: 0x80070642, restart: None, ba requested restart:  yes
